2025-02-25 16:47:56,035 - INFO - Lean process start.
2025-02-25 16:47:56,038 - INFO - Lean process successed.
2025-02-25 16:47:56,038 - INFO - Lean client initializing...
2025-02-25 16:47:56,565 - INFO - Lean client initialized.
2025-02-25 16:47:56,566 - INFO - Lean server info
2025-02-25 16:47:56,566 - INFO - Resource test initialized.
2025-02-25 16:47:56,566 - INFO - Received request to check_proof
2025-02-25 16:47:56,567 - INFO - didChange() start.
2025-02-25 16:47:56,566 - DEBUG - onFileProgress(){'textDocument': {'version': 1, 'uri': 'file:///Users/penglingwei/Documents/python/lean4bot/miniF2F-lean4/test.lean'}, 'processing': [{'range': {'start': {'line': 0, 'character': 0}, 'end': {'line': 2, 'character': 20}}, 'kind': 1}]}
2025-02-25 16:47:56,567 - DEBUG - import MiniF2F.Minif2fImport
open BigOperators Real Nat Topology
namespace PlayGround
theorem Exists.imp : {α : Sort u} → {p q : α → Prop} → (∀ (a : α), p a → q a) → Exists p → Exists q := by
  intro α p q h h1
  apply Exists.rec
  intro a ha
  apply Exists.intro a
  exact h a ha
  exact h1

2025-02-25 16:47:56,567 - INFO - didChange() successed.
2025-02-25 16:47:56,567 - INFO - getDiagnostics() start.
2025-02-25 16:47:56,567 - INFO - {}
2025-02-25 16:47:56,791 - DEBUG - onFileProgress(){'textDocument': {'version': 1, 'uri': 'file:///Users/penglingwei/Documents/python/lean4bot/miniF2F-lean4/test.lean'}, 'processing': [{'range': {'start': {'line': 0, 'character': 0}, 'end': {'line': 2, 'character': 20}}, 'kind': 1}]}
2025-02-25 16:47:56,791 - DEBUG - onDiagnostics() {'version': 1, 'uri': 'file:///Users/penglingwei/Documents/python/lean4bot/miniF2F-lean4/test.lean', 'diagnostics': []}
2025-02-25 16:47:56,791 - DEBUG - onFileProgress(){'textDocument': {'version': 1, 'uri': 'file:///Users/penglingwei/Documents/python/lean4bot/miniF2F-lean4/test.lean'}, 'processing': [{'range': {'start': {'line': 0, 'character': 0}, 'end': {'line': 10, 'character': 0}}, 'kind': 1}]}
2025-02-25 16:47:56,791 - DEBUG - onDiagnostics() {'version': 1, 'uri': 'file:///Users/penglingwei/Documents/python/lean4bot/miniF2F-lean4/test.lean', 'diagnostics': []}
2025-02-25 16:47:57,618 - DEBUG - onDiagnostics() {'version': 1, 'uri': 'file:///Users/penglingwei/Documents/python/lean4bot/miniF2F-lean4/test.lean', 'diagnostics': []}
2025-02-25 16:47:59,508 - DEBUG - onFileProgress(){'textDocument': {'version': 1, 'uri': 'file:///Users/penglingwei/Documents/python/lean4bot/miniF2F-lean4/test.lean'}, 'processing': [{'range': {'start': {'line': 0, 'character': 0}, 'end': {'line': 2, 'character': 20}}, 'kind': 1}]}
2025-02-25 16:47:59,508 - DEBUG - onFileProgress(){'textDocument': {'version': 1, 'uri': 'file:///Users/penglingwei/Documents/python/lean4bot/miniF2F-lean4/test.lean'}, 'processing': [{'range': {'start': {'line': 1, 'character': 0}, 'end': {'line': 2, 'character': 20}}, 'kind': 1}]}
2025-02-25 16:47:59,508 - DEBUG - onFileProgress(){'textDocument': {'version': 1, 'uri': 'file:///Users/penglingwei/Documents/python/lean4bot/miniF2F-lean4/test.lean'}, 'processing': [{'range': {'start': {'line': 1, 'character': 0}, 'end': {'line': 10, 'character': 0}}, 'kind': 1}]}
2025-02-25 16:47:59,514 - DEBUG - onFileProgress(){'textDocument': {'version': 1, 'uri': 'file:///Users/penglingwei/Documents/python/lean4bot/miniF2F-lean4/test.lean'}, 'processing': [{'range': {'start': {'line': 2, 'character': 0}, 'end': {'line': 2, 'character': 20}}, 'kind': 1}]}
2025-02-25 16:47:59,515 - DEBUG - onFileProgress(){'textDocument': {'version': 1, 'uri': 'file:///Users/penglingwei/Documents/python/lean4bot/miniF2F-lean4/test.lean'}, 'processing': [{'range': {'start': {'line': 1, 'character': 35}, 'end': {'line': 10, 'character': 0}}, 'kind': 1}]}
2025-02-25 16:47:59,515 - DEBUG - onFileProgress(){'textDocument': {'version': 1, 'uri': 'file:///Users/penglingwei/Documents/python/lean4bot/miniF2F-lean4/test.lean'}, 'processing': [{'range': {'start': {'line': 2, 'character': 0}, 'end': {'line': 10, 'character': 0}}, 'kind': 1}]}
2025-02-25 16:47:59,520 - DEBUG - onFileProgress(){'textDocument': {'version': 1, 'uri': 'file:///Users/penglingwei/Documents/python/lean4bot/miniF2F-lean4/test.lean'}, 'processing': [{'range': {'start': {'line': 3, 'character': 0}, 'end': {'line': 10, 'character': 0}}, 'kind': 1}]}
2025-02-25 16:47:59,521 - DEBUG - onFileProgress(){'textDocument': {'version': 1, 'uri': 'file:///Users/penglingwei/Documents/python/lean4bot/miniF2F-lean4/test.lean'}, 'processing': [{'range': {'start': {'line': 3, 'character': 0}, 'end': {'line': 10, 'character': 0}}, 'kind': 1}]}
2025-02-25 16:47:59,521 - DEBUG - onFileProgress(){'textDocument': {'version': 1, 'uri': 'file:///Users/penglingwei/Documents/python/lean4bot/miniF2F-lean4/test.lean'}, 'processing': [{'range': {'start': {'line': 3, 'character': 0}, 'end': {'line': 10, 'character': 0}}, 'kind': 1}]}
2025-02-25 16:47:59,521 - DEBUG - onFileProgress(){'textDocument': {'version': 1, 'uri': 'file:///Users/penglingwei/Documents/python/lean4bot/miniF2F-lean4/test.lean'}, 'processing': [{'range': {'start': {'line': 3, 'character': 0}, 'end': {'line': 10, 'character': 0}}, 'kind': 1}]}
2025-02-25 16:47:59,521 - DEBUG - onFileProgress(){'textDocument': {'version': 1, 'uri': 'file:///Users/penglingwei/Documents/python/lean4bot/miniF2F-lean4/test.lean'}, 'processing': [{'range': {'start': {'line': 3, 'character': 0}, 'end': {'line': 10, 'character': 0}}, 'kind': 1}]}
2025-02-25 16:47:59,521 - DEBUG - onFileProgress(){'textDocument': {'version': 1, 'uri': 'file:///Users/penglingwei/Documents/python/lean4bot/miniF2F-lean4/test.lean'}, 'processing': [{'range': {'start': {'line': 4, 'character': 2}, 'end': {'line': 10, 'character': 0}}, 'kind': 1}]}
2025-02-25 16:47:59,521 - DEBUG - onFileProgress(){'textDocument': {'version': 1, 'uri': 'file:///Users/penglingwei/Documents/python/lean4bot/miniF2F-lean4/test.lean'}, 'processing': [{'range': {'start': {'line': 4, 'character': 2}, 'end': {'line': 10, 'character': 0}}, 'kind': 1}]}
2025-02-25 16:47:59,522 - DEBUG - onFileProgress(){'textDocument': {'version': 1, 'uri': 'file:///Users/penglingwei/Documents/python/lean4bot/miniF2F-lean4/test.lean'}, 'processing': [{'range': {'start': {'line': 5, 'character': 2}, 'end': {'line': 10, 'character': 0}}, 'kind': 1}]}
2025-02-25 16:47:59,522 - DEBUG - onFileProgress(){'textDocument': {'version': 1, 'uri': 'file:///Users/penglingwei/Documents/python/lean4bot/miniF2F-lean4/test.lean'}, 'processing': [{'range': {'start': {'line': 3, 'character': 103}, 'end': {'line': 10, 'character': 0}}, 'kind': 1}]}
2025-02-25 16:47:59,526 - DEBUG - onDiagnostics() {'version': 1, 'uri': 'file:///Users/penglingwei/Documents/python/lean4bot/miniF2F-lean4/test.lean', 'diagnostics': [{'source': 'Lean 4', 'severity': 1, 'range': {'start': {'line': 5, 'character': 2}, 'end': {'line': 5, 'character': 18}}, 'message': "tactic 'apply' failed, failed to unify\n  ?motive ?t\nwith\n  Exists q\nα : Sort u\np q : α → Prop\nh : ∀ (a : α), p a → q a\nh1 : Exists p\n⊢ Exists q", 'fullRange': {'start': {'line': 5, 'character': 2}, 'end': {'line': 5, 'character': 18}}}]}
2025-02-25 16:47:59,526 - DEBUG - onFileProgress(){'textDocument': {'version': 1, 'uri': 'file:///Users/penglingwei/Documents/python/lean4bot/miniF2F-lean4/test.lean'}, 'processing': [{'range': {'start': {'line': 9, 'character': 10}, 'end': {'line': 10, 'character': 0}}, 'kind': 1}]}
2025-02-25 16:47:59,529 - DEBUG - onFileProgress(){'textDocument': {'version': 1, 'uri': 'file:///Users/penglingwei/Documents/python/lean4bot/miniF2F-lean4/test.lean'}, 'processing': [{'range': {'start': {'line': 10, 'character': 0}, 'end': {'line': 10, 'character': 0}}, 'kind': 1}]}
2025-02-25 16:47:59,535 - DEBUG - onFileProgress(){'textDocument': {'version': 1, 'uri': 'file:///Users/penglingwei/Documents/python/lean4bot/miniF2F-lean4/test.lean'}, 'processing': []}
2025-02-25 16:47:59,536 - INFO - getDiagnostics() end.
2025-02-25 16:47:59,536 - DEBUG - code: 'import MiniF2F.Minif2fImport\nopen BigOperators Real Nat Topology\nnamespace PlayGround\ntheorem Exists.imp : {α : Sort u} → {p q : α → Prop} → (∀ (a : α), p a → q a) → Exists p → Exists q := by\n  intro α p q h h1\n  apply Exists.rec\n  intro a ha\n  apply Exists.intro a\n  exact h a ha\n  exact h1\n'
2025-02-25 16:47:59,536 - DEBUG - goals: []
2025-02-25 16:47:59,536 - DEBUG - diagnostics: [{'source': 'Lean 4', 'severity': 1, 'range': {'start': {'line': 5, 'character': 2}, 'end': {'line': 5, 'character': 18}}, 'message': "tactic 'apply' failed, failed to unify\n  ?motive ?t\nwith\n  Exists q\nα : Sort u\np q : α → Prop\nh : ∀ (a : α), p a → q a\nh1 : Exists p\n⊢ Exists q", 'fullRange': {'start': {'line': 5, 'character': 2}, 'end': {'line': 5, 'character': 18}}}]
2025-02-25 16:47:59,536 - INFO - Releasing resource test.
2025-02-25 16:47:59,540 - INFO - Lean process released.
2025-02-25 16:47:59,540 - INFO - Lsp client released.
2025-02-25 16:47:59,540 - INFO - Resource test released.
